<?xml version="1.0" encoding="UTF-8"?>
<!-- Generated by org.testng.reporters.JUnitReportReporter -->
<testsuite hostname="LAPTOP-VT2RGTEG" failures="0" tests="3" name="api.tests.UserTests" time="6.197" errors="0" timestamp="2025-01-12T01:00:47 IST" skipped="0">
  <testcase classname="api.tests.UserTests" name="testPostUser" time="2.928"/>
  <system-out/>
  <testcase classname="api.tests.UserTests" name="testGetUserByid" time="1.216"/>
  <system-out/>
  <testcase classname="api.tests.UserTests" name="testUpdateUserByid" time="2.053"/>
  <system-out/>
</testsuite> <!-- api.tests.UserTests -->
