<?xml version="1.0" encoding="UTF-8"?>
<!-- Generated by org.testng.reporters.JUnitReportReporter -->
<testsuite hostname="LAPTOP-VT2RGTEG" failures="0" tests="1" name="api.tests.TestPostUser" time="3.810" errors="0" timestamp="2025-01-23T09:08:15 IST" skipped="0">
  <testcase classname="api.tests.TestPostUser" name="testPostUser" time="3.810"/>
  <system-out/>
</testsuite> <!-- api.tests.TestPostUser -->
