<?xml version="1.0" encoding="UTF-8"?>
<!-- Generated by org.testng.reporters.JUnitReportReporter -->
<testsuite hostname="LAPTOP-VT2RGTEG" failures="0" tests="4" name="api.tests.UserTests" time="8.364" errors="0" timestamp="2025-01-15T23:17:51 IST" skipped="0">
  <testcase classname="api.tests.UserTests" name="testGetUserById" time="1.542"/>
  <system-out/>
  <testcase classname="api.tests.UserTests" name="testDeleteUserById" time="1.414"/>
  <system-out/>
  <testcase classname="api.tests.UserTests" name="testUpdateUserById" time="1.412"/>
  <system-out/>
  <testcase classname="api.tests.UserTests" name="testPostUser" time="3.996"/>
  <system-out/>
</testsuite> <!-- api.tests.UserTests -->
