<?xml version="1.0" encoding="UTF-8"?>
<!-- Generated by org.testng.reporters.JUnitReportReporter -->
<testsuite hostname="LAPTOP-VT2RGTEG" failures="0" tests="4" name="api.tests.UserTests" time="6.435" errors="0" timestamp="2025-01-12T23:55:36 IST" skipped="0">
  <testcase classname="api.tests.UserTests" name="testPostUser" time="3.012"/>
  <system-out/>
  <testcase classname="api.tests.UserTests" name="testGetUserById" time="1.134"/>
  <system-out/>
  <testcase classname="api.tests.UserTests" name="testUpdateUserById" time="1.140"/>
  <system-out/>
  <testcase classname="api.tests.UserTests" name="testDeleteUserById" time="1.149"/>
  <system-out/>
</testsuite> <!-- api.tests.UserTests -->
