<?xml version="1.0" encoding="UTF-8"?>
<!-- Generated by org.testng.reporters.JUnitReportReporter -->
<testsuite hostname="LAPTOP-VT2RGTEG" failures="0" tests="4" name="api.tests.UserTests" time="7.290" errors="0" timestamp="2025-01-16T00:25:59 IST" skipped="0">
  <testcase classname="api.tests.UserTests" name="testPostUser" time="3.838"/>
  <system-out/>
  <testcase classname="api.tests.UserTests" name="testGetUserById" time="1.344"/>
  <system-out/>
  <testcase classname="api.tests.UserTests" name="testDeleteUserById" time="1.302"/>
  <system-out/>
  <testcase classname="api.tests.UserTests" name="testUpdateUserById" time="0.806"/>
  <system-out/>
</testsuite> <!-- api.tests.UserTests -->
