<?xml version="1.0" encoding="UTF-8"?>
<!-- Generated by org.testng.reporters.JUnitReportReporter -->
<testsuite hostname="LAPTOP-VT2RGTEG" failures="0" tests="4" name="api.tests.UserTests" time="6.796" errors="0" timestamp="2025-01-13T10:54:19 IST" skipped="0">
  <testcase classname="api.tests.UserTests" name="testPostUser" time="3.229"/>
  <system-out/>
  <testcase classname="api.tests.UserTests" name="testGetUserById" time="1.154"/>
  <system-out/>
  <testcase classname="api.tests.UserTests" name="testUpdateUserById" time="1.100"/>
  <system-out/>
  <testcase classname="api.tests.UserTests" name="testDeleteUserById" time="1.313"/>
  <system-out/>
</testsuite> <!-- api.tests.UserTests -->
