<?xml version="1.0" encoding="UTF-8"?>
<!-- Generated by org.testng.reporters.JUnitReportReporter -->
<testsuite hostname="LAPTOP-VT2RGTEG" failures="0" tests="1" name="api.tests.TestDeleteUserById" time="1.845" errors="0" timestamp="2025-01-23T12:59:54 IST" skipped="0">
  <testcase classname="api.tests.TestDeleteUserById" name="testDeleteUserById" time="1.845"/>
  <system-out/>
</testsuite> <!-- api.tests.TestDeleteUserById -->
