<?xml version="1.0" encoding="UTF-8"?>
<!-- Generated by org.testng.reporters.JUnitReportReporter -->
<testsuite hostname="LAPTOP-VT2RGTEG" failures="0" tests="3" name="api.tests.UserTests" time="6.536" errors="0" timestamp="2025-01-12T09:23:26 IST" skipped="0">
  <testcase classname="api.tests.UserTests" name="testPostUser" time="3.440"/>
  <system-out/>
  <testcase classname="api.tests.UserTests" name="testGetUserByid" time="1.154"/>
  <system-out/>
  <testcase classname="api.tests.UserTests" name="testUpdateUserByid" time="1.942"/>
  <system-out/>
</testsuite> <!-- api.tests.UserTests -->
